2024-08-07 00:08:21,451 [INFO] Activator:176 - 


2024-08-07 00:08:21,455 [INFO] Activator:177 - !SESSION log4j initialized
2024-08-07 00:08:23,251 [INFO] LogOutputStream:77 - [STDOUT_REDIRECT] 
2024-08-07 00:08:26,039 [INFO] ApplicationProperties:184 - Using Application install path: C:\ST\STM32CubeIDE_1.7.0\STM32CubeIDE\plugins\com.st.stm32cube.common.mx_6.12.0.202406281431
2024-08-07 00:08:26,048 [INFO] DbMcusXml:78 - Set database path to: C:\ST\STM32CubeIDE_1.7.0\STM32CubeIDE\plugins\com.st.stm32cube.common.mx_6.12.0.202406281431\\db\/mcu/
2024-08-07 00:08:26,049 [INFO] ApiDb:274 - Set plugin database path to: C:\ST\STM32CubeIDE_1.7.0\STM32CubeIDE\plugins\com.st.stm32cube.common.mx_6.12.0.202406281431\\db\/plugins/boardmanager/
2024-08-07 00:08:26,049 [WARN] ApiDb:259 - Overriding images path with different value:  => C:\ST\STM32CubeIDE_1.7.0\STM32CubeIDE\plugins\com.st.stm32cube.common.mx_6.12.0.202406281431\\db\/plugins/mcufinder/images/
2024-08-07 00:08:26,054 [INFO] ApiDb:250 - Set database path to: C:\Users\ki170\.stmcufinder\plugins\mcufinder//mcu/
2024-08-07 00:08:26,054 [INFO] DbMcusAds:125 - Set database path to: C:\Users\ki170\.stmcufinder\plugins\mcufinder//mcu/
2024-08-07 00:08:26,055 [INFO] CrossReferenceDbSqlite:203 - Set database path to: C:\Users\ki170\.stmcufinder\plugins\mcufinder//mcu/cs/
2024-08-07 00:08:26,126 [INFO] RulesReader:64 - Compatibility file has been processed (297 Rules)
2024-08-07 00:08:26,180 [INFO] DbMcusXml:78 - Set database path to: C:\ST\STM32CubeIDE_1.7.0\STM32CubeIDE\plugins\com.st.stm32cube.common.mx_6.12.0.202406281431\\db\/mcu/
2024-08-07 00:08:26,181 [INFO] ApiDb:274 - Set plugin database path to: C:\ST\STM32CubeIDE_1.7.0\STM32CubeIDE\plugins\com.st.stm32cube.common.mx_6.12.0.202406281431\\db\/plugins/boardmanager/
2024-08-07 00:08:26,181 [INFO] ApiDb:261 - Set plugin images path to: C:\ST\STM32CubeIDE_1.7.0\STM32CubeIDE\plugins\com.st.stm32cube.common.mx_6.12.0.202406281431\\db\/plugins/mcufinder/images/
2024-08-07 00:08:26,181 [WARN] DbFile:41 - Overriding database path with different value: C:\Users\ki170\.stmcufinder\plugins\mcufinder/ => C:\Users\ki170\.stmcufinder\plugins\mcufinder
2024-08-07 00:08:26,181 [INFO] ApiDb:250 - Set database path to: C:\Users\ki170\.stmcufinder\plugins\mcufinder//mcu/
2024-08-07 00:08:26,181 [WARN] DbFile:41 - Overriding database path with different value: C:\Users\ki170\.stmcufinder\plugins\mcufinder/ => C:\Users\ki170\.stmcufinder\plugins\mcufinder
2024-08-07 00:08:26,181 [INFO] DbMcusAds:125 - Set database path to: C:\Users\ki170\.stmcufinder\plugins\mcufinder//mcu/
2024-08-07 00:08:26,181 [WARN] DbFile:41 - Overriding database path with different value: C:\Users\ki170\.stmcufinder\plugins\mcufinder/ => C:\Users\ki170\.stmcufinder\plugins\mcufinder
2024-08-07 00:08:26,181 [WARN] DbFile:41 - Overriding database path with different value: C:\Users\ki170\.stmcufinder\plugins\mcufinder/ => C:\Users\ki170\.stmcufinder\plugins\mcufinder
2024-08-07 00:08:26,181 [INFO] CrossReferenceDbSqlite:203 - Set database path to: C:\Users\ki170\.stmcufinder\plugins\mcufinder//mcu/cs/
2024-08-07 00:08:26,231 [INFO] MainPanel:268 - HeapMemory: 268435456
2024-08-07 00:08:26,278 [INFO] DbMcusXml:78 - Set database path to: C:\ST\STM32CubeIDE_1.7.0\STM32CubeIDE\plugins\com.st.stm32cube.common.mx_6.12.0.202406281431\\db\/mcu/
2024-08-07 00:08:26,278 [INFO] ApiDb:274 - Set plugin database path to: C:\ST\STM32CubeIDE_1.7.0\STM32CubeIDE\plugins\com.st.stm32cube.common.mx_6.12.0.202406281431\\db\/plugins/boardmanager/
2024-08-07 00:08:26,278 [INFO] ApiDb:261 - Set plugin images path to: C:\ST\STM32CubeIDE_1.7.0\STM32CubeIDE\plugins\com.st.stm32cube.common.mx_6.12.0.202406281431\\db\/plugins/mcufinder/images/
2024-08-07 00:08:26,278 [WARN] DbFile:41 - Overriding database path with different value: C:\Users\ki170\.stmcufinder\plugins\mcufinder/ => C:\Users\ki170\.stmcufinder\plugins\mcufinder
2024-08-07 00:08:26,278 [INFO] ApiDb:250 - Set database path to: C:\Users\ki170\.stmcufinder\plugins\mcufinder//mcu/
2024-08-07 00:08:26,278 [WARN] DbFile:41 - Overriding database path with different value: C:\Users\ki170\.stmcufinder\plugins\mcufinder/ => C:\Users\ki170\.stmcufinder\plugins\mcufinder
2024-08-07 00:08:26,279 [INFO] DbMcusAds:125 - Set database path to: C:\Users\ki170\.stmcufinder\plugins\mcufinder//mcu/
2024-08-07 00:08:26,279 [WARN] DbFile:41 - Overriding database path with different value: C:\Users\ki170\.stmcufinder\plugins\mcufinder/ => C:\Users\ki170\.stmcufinder\plugins\mcufinder
2024-08-07 00:08:26,279 [WARN] DbFile:41 - Overriding database path with different value: C:\Users\ki170\.stmcufinder\plugins\mcufinder/ => C:\Users\ki170\.stmcufinder\plugins\mcufinder
2024-08-07 00:08:26,279 [INFO] CrossReferenceDbSqlite:203 - Set database path to: C:\Users\ki170\.stmcufinder\plugins\mcufinder//mcu/cs/
2024-08-07 00:08:26,290 [INFO] ApplicationProperties:184 - Using Application install path: C:\ST\STM32CubeIDE_1.7.0\STM32CubeIDE\plugins\com.st.stm32cube.common.mx_6.12.0.202406281431
2024-08-07 00:08:26,290 [INFO] PluginManage:196 - Search for loadable plugins [exclusion list=, ]
2024-08-07 00:08:26,291 [INFO] PluginManage:310 - Check plugin analytics
2024-08-07 00:08:26,398 [INFO] AnalyticsPlugin:253 - Accepted Software Licenses: 
2024-08-07 00:08:26,399 [INFO] AnalyticsPlugin:255 - Accepted CMSIS Pack Licenses: 
2024-08-07 00:08:26,399 [INFO] AnalyticsPlugin:257 - Accepted Firmware Licenses: 
2024-08-07 00:08:26,401 [INFO] PluginManage:359 - Loaded plugin analytics (category:tool,tabindex:-1)
2024-08-07 00:08:26,401 [INFO] PluginManage:310 - Check plugin cadmodel
2024-08-07 00:08:26,405 [INFO] CADModel:105 - Init CAD model plugin
2024-08-07 00:08:26,405 [INFO] PluginManage:359 - Loaded plugin cadmodel (category:power,tabindex:5)
2024-08-07 00:08:26,405 [INFO] PluginManage:310 - Check plugin clock
2024-08-07 00:08:26,411 [INFO] PluginManage:359 - Loaded plugin clock (category:base,tabindex:2)
2024-08-07 00:08:26,411 [INFO] PluginManage:310 - Check plugin ddr
2024-08-07 00:08:26,413 [INFO] PluginManage:359 - Loaded plugin ddr (category:tool,tabindex:6)
2024-08-07 00:08:26,413 [INFO] PluginManage:310 - Check plugin filemanager
2024-08-07 00:08:26,516 [INFO] PluginManage:359 - Loaded plugin filemanager (category:base,tabindex:10)
2024-08-07 00:08:26,516 [INFO] PluginManage:310 - Check plugin ipmanager
2024-08-07 00:08:26,522 [INFO] PluginManage:359 - Loaded plugin ipmanager (category:base,tabindex:5)
2024-08-07 00:08:26,522 [INFO] PluginManage:310 - Check plugin lpbam
2024-08-07 00:08:26,528 [INFO] PluginManage:359 - Loaded plugin lpbam (category:base,tabindex:0)
2024-08-07 00:08:26,529 [INFO] PluginManage:310 - Check plugin memorymap
2024-08-07 00:08:26,536 [INFO] PluginManage:359 - Loaded plugin memorymap (category:base,tabindex:4)
2024-08-07 00:08:26,536 [INFO] PluginManage:310 - Check plugin pinoutandconfiguration
2024-08-07 00:08:26,543 [INFO] PluginManage:359 - Loaded plugin pinoutandconfiguration (category:base,tabindex:1)
2024-08-07 00:08:26,543 [INFO] PluginManage:310 - Check plugin pinoutconfig
2024-08-07 00:08:26,622 [WARN] SupportedApi:132 - Cannot load RTOS API schema: s4s-elt-must-match.1: The content of 'definitions' must match (annotation?, (simpleType | complexType)?, (unique | key | keyref)*)). A problem was found starting at: attribute.
2024-08-07 00:08:26,703 [INFO] PluginManage:359 - Loaded plugin pinoutconfig (category:base,tabindex:0)
2024-08-07 00:08:26,703 [INFO] PluginManage:310 - Check plugin power
2024-08-07 00:08:26,708 [INFO] PluginManage:359 - Loaded plugin power (category:power,tabindex:4)
2024-08-07 00:08:26,708 [INFO] PluginManage:310 - Check plugin projectmanager
2024-08-07 00:08:26,719 [INFO] PluginManage:359 - Loaded plugin projectmanager (category:projectmanager,tabindex:4)
2024-08-07 00:08:26,719 [INFO] PluginManage:310 - Check plugin rif
2024-08-07 00:08:26,722 [INFO] PluginManage:359 - Loaded plugin rif (category:base,tabindex:3)
2024-08-07 00:08:26,723 [INFO] PluginManage:310 - Check plugin thirdparty
2024-08-07 00:08:26,795 [INFO] PluginManage:359 - Loaded plugin thirdparty (category:base,tabindex:-1)
2024-08-07 00:08:26,795 [INFO] PluginManage:310 - Check plugin tools
2024-08-07 00:08:26,795 [WARN] IntegrityCheckThread:84 - waiting for thirdparty lock release [integrity check]
2024-08-07 00:08:26,795 [INFO] IntegrityCheckThread:86 - entering critical section [integrity check]
2024-08-07 00:08:26,796 [INFO] ThirdPartyUpdaterWithRetryManager:70 - Updater plugin not ready yet. [1/15]
2024-08-07 00:08:26,797 [INFO] PluginManage:359 - Loaded plugin tools (category:base,tabindex:7)
2024-08-07 00:08:26,797 [INFO] PluginManage:310 - Check plugin tutovideos
2024-08-07 00:08:26,903 [INFO] PluginManage:359 - Loaded plugin tutovideos (category:base,tabindex:-1)
2024-08-07 00:08:26,903 [INFO] PluginManage:310 - Check plugin updater
2024-08-07 00:08:26,914 [INFO] PluginManage:359 - Loaded plugin updater (category:base,tabindex:12)
2024-08-07 00:08:26,914 [INFO] PluginManage:310 - Check plugin userauth
2024-08-07 00:08:26,918 [INFO] UserAuth:113 - Init User Auth plugin
2024-08-07 00:08:26,918 [INFO] PluginManage:359 - Loaded plugin userauth (category:base,tabindex:14)
2024-08-07 00:08:26,919 [INFO] PluginManage:283 - PluginManage : Loaded plugins [18]
2024-08-07 00:08:27,047 [INFO] PinOutPanel:1561 - setPackage(No Configuration,No Configuration)
2024-08-07 00:08:27,111 [INFO] CADModel:165 - CPN selected for project level
2024-08-07 00:08:27,111 [INFO] CADModel:114 - Register for checkConnection events
2024-08-07 00:08:27,121 [INFO] IPUIPlugin:80 - create IPUIPlugin
2024-08-07 00:08:27,122 [INFO] PluginManager:220 - loadIPPluginJar : add adc
2024-08-07 00:08:27,123 [INFO] IPUIPlugin:80 - create IPUIPlugin
2024-08-07 00:08:27,123 [INFO] PluginManager:220 - loadIPPluginJar : add aes
2024-08-07 00:08:27,125 [INFO] IPUIPlugin:80 - create IPUIPlugin
2024-08-07 00:08:27,125 [INFO] PluginManager:220 - loadIPPluginJar : add can
2024-08-07 00:08:27,126 [INFO] IPUIPlugin:80 - create IPUIPlugin
2024-08-07 00:08:27,126 [INFO] PluginManager:220 - loadIPPluginJar : add comp
2024-08-07 00:08:27,127 [INFO] IPUIPlugin:80 - create IPUIPlugin
2024-08-07 00:08:27,127 [INFO] PluginManager:220 - loadIPPluginJar : add cryp
2024-08-07 00:08:27,129 [INFO] IPUIPlugin:80 - create IPUIPlugin
2024-08-07 00:08:27,129 [INFO] PluginManager:220 - loadIPPluginJar : add ddr_ctrl_phy
2024-08-07 00:08:27,131 [INFO] IPUIPlugin:80 - create IPUIPlugin
2024-08-07 00:08:27,131 [INFO] PluginManager:220 - loadIPPluginJar : add dfsdm
2024-08-07 00:08:27,134 [INFO] IPUIPlugin:80 - create IPUIPlugin
2024-08-07 00:08:27,134 [INFO] PluginManager:220 - loadIPPluginJar : add dma
2024-08-07 00:08:27,136 [INFO] IPUIPlugin:80 - create IPUIPlugin
2024-08-07 00:08:27,136 [INFO] PluginManager:220 - loadIPPluginJar : add dma3
2024-08-07 00:08:27,137 [INFO] IPUIPlugin:80 - create IPUIPlugin
2024-08-07 00:08:27,137 [INFO] PluginManager:220 - loadIPPluginJar : add extmemmanager
2024-08-07 00:08:27,138 [INFO] IPUIPlugin:80 - create IPUIPlugin
2024-08-07 00:08:27,138 [INFO] PluginManager:220 - loadIPPluginJar : add fatfs
2024-08-07 00:08:27,141 [INFO] IPUIPlugin:80 - create IPUIPlugin
2024-08-07 00:08:27,141 [INFO] PluginManager:220 - loadIPPluginJar : add fmc
2024-08-07 00:08:27,144 [INFO] IPUIPlugin:80 - create IPUIPlugin
2024-08-07 00:08:27,144 [INFO] PluginManager:220 - loadIPPluginJar : add freertos
2024-08-07 00:08:27,145 [INFO] IPUIPlugin:80 - create IPUIPlugin
2024-08-07 00:08:27,145 [INFO] PluginManager:220 - loadIPPluginJar : add genericplugin
2024-08-07 00:08:27,146 [INFO] IPUIPlugin:80 - create IPUIPlugin
2024-08-07 00:08:27,146 [INFO] PluginManager:220 - loadIPPluginJar : add gfxmmu
2024-08-07 00:08:27,149 [INFO] IPUIPlugin:80 - create IPUIPlugin
2024-08-07 00:08:27,149 [INFO] PluginManager:220 - loadIPPluginJar : add gic
2024-08-07 00:08:27,151 [INFO] IPUIPlugin:80 - create IPUIPlugin
2024-08-07 00:08:27,151 [INFO] PluginManager:220 - loadIPPluginJar : add gpio
2024-08-07 00:08:27,153 [INFO] IPUIPlugin:80 - create IPUIPlugin
2024-08-07 00:08:27,153 [INFO] PluginManager:220 - loadIPPluginJar : add gtzc
2024-08-07 00:08:27,154 [INFO] IPUIPlugin:80 - create IPUIPlugin
2024-08-07 00:08:27,155 [INFO] PluginManager:220 - loadIPPluginJar : add hash
2024-08-07 00:08:27,156 [INFO] IPUIPlugin:80 - create IPUIPlugin
2024-08-07 00:08:27,156 [INFO] PluginManager:220 - loadIPPluginJar : add i2c
2024-08-07 00:08:27,158 [INFO] IPUIPlugin:80 - create IPUIPlugin
2024-08-07 00:08:27,158 [INFO] PluginManager:220 - loadIPPluginJar : add i2s
2024-08-07 00:08:27,160 [INFO] IPUIPlugin:80 - create IPUIPlugin
2024-08-07 00:08:27,160 [INFO] PluginManager:220 - loadIPPluginJar : add i3c
2024-08-07 00:08:27,162 [INFO] IPUIPlugin:80 - create IPUIPlugin
2024-08-07 00:08:27,162 [INFO] PluginManager:220 - loadIPPluginJar : add ipddr
2024-08-07 00:08:27,166 [INFO] IPUIPlugin:80 - create IPUIPlugin
2024-08-07 00:08:27,166 [INFO] PluginManager:220 - loadIPPluginJar : add linkedlist
2024-08-07 00:08:27,168 [INFO] IPUIPlugin:80 - create IPUIPlugin
2024-08-07 00:08:27,168 [INFO] PluginManager:220 - loadIPPluginJar : add lorawan
2024-08-07 00:08:27,169 [INFO] IPUIPlugin:80 - create IPUIPlugin
2024-08-07 00:08:27,169 [INFO] PluginManager:220 - loadIPPluginJar : add ltdc
2024-08-07 00:08:27,172 [INFO] IPUIPlugin:80 - create IPUIPlugin
2024-08-07 00:08:27,173 [INFO] PluginManager:220 - loadIPPluginJar : add mdma
2024-08-07 00:08:27,175 [INFO] IPUIPlugin:80 - create IPUIPlugin
2024-08-07 00:08:27,175 [INFO] PluginManager:220 - loadIPPluginJar : add nvic
2024-08-07 00:08:27,176 [INFO] IPUIPlugin:80 - create IPUIPlugin
2024-08-07 00:08:27,177 [INFO] PluginManager:220 - loadIPPluginJar : add opamp
2024-08-07 00:08:27,178 [INFO] IPUIPlugin:80 - create IPUIPlugin
2024-08-07 00:08:27,179 [INFO] PluginManager:220 - loadIPPluginJar : add openamp
2024-08-07 00:08:27,180 [INFO] IPUIPlugin:80 - create IPUIPlugin
2024-08-07 00:08:27,180 [INFO] PluginManager:220 - loadIPPluginJar : add pdm2pcm
2024-08-07 00:08:27,184 [INFO] IPUIPlugin:80 - create IPUIPlugin
2024-08-07 00:08:27,186 [INFO] PluginManager:220 - loadIPPluginJar : add plateformsettings
2024-08-07 00:08:27,187 [INFO] IPUIPlugin:80 - create IPUIPlugin
2024-08-07 00:08:27,187 [INFO] PluginManager:220 - loadIPPluginJar : add quadspi
2024-08-07 00:08:27,188 [INFO] IPUIPlugin:80 - create IPUIPlugin
2024-08-07 00:08:27,189 [INFO] PluginManager:220 - loadIPPluginJar : add radio
2024-08-07 00:08:27,191 [INFO] IPUIPlugin:80 - create IPUIPlugin
2024-08-07 00:08:27,191 [INFO] PluginManager:220 - loadIPPluginJar : add resmgrutility
2024-08-07 00:08:27,193 [INFO] IPUIPlugin:80 - create IPUIPlugin
2024-08-07 00:08:27,193 [INFO] PluginManager:220 - loadIPPluginJar : add sai
2024-08-07 00:08:27,194 [INFO] IPUIPlugin:80 - create IPUIPlugin
2024-08-07 00:08:27,195 [INFO] PluginManager:220 - loadIPPluginJar : add spi
2024-08-07 00:08:27,199 [INFO] IPUIPlugin:80 - create IPUIPlugin
2024-08-07 00:08:27,199 [INFO] PluginManager:220 - loadIPPluginJar : add stm32_wpan
2024-08-07 00:08:27,200 [INFO] IPUIPlugin:80 - create IPUIPlugin
2024-08-07 00:08:27,200 [INFO] PluginManager:220 - loadIPPluginJar : add tim
2024-08-07 00:08:27,202 [INFO] IPUIPlugin:80 - create IPUIPlugin
2024-08-07 00:08:27,203 [INFO] PluginManager:220 - loadIPPluginJar : add touchsensing
2024-08-07 00:08:27,204 [INFO] IPUIPlugin:80 - create IPUIPlugin
2024-08-07 00:08:27,204 [INFO] PluginManager:220 - loadIPPluginJar : add tracer_emb
2024-08-07 00:08:27,205 [INFO] IPUIPlugin:80 - create IPUIPlugin
2024-08-07 00:08:27,206 [INFO] PluginManager:220 - loadIPPluginJar : add ts
2024-08-07 00:08:27,207 [INFO] IPUIPlugin:80 - create IPUIPlugin
2024-08-07 00:08:27,207 [INFO] PluginManager:220 - loadIPPluginJar : add tsc
2024-08-07 00:08:27,208 [INFO] IPUIPlugin:80 - create IPUIPlugin
2024-08-07 00:08:27,208 [INFO] PluginManager:220 - loadIPPluginJar : add ucpd
2024-08-07 00:08:27,211 [INFO] IPUIPlugin:80 - create IPUIPlugin
2024-08-07 00:08:27,211 [INFO] PluginManager:220 - loadIPPluginJar : add usart
2024-08-07 00:08:27,213 [INFO] IPUIPlugin:80 - create IPUIPlugin
2024-08-07 00:08:27,213 [INFO] PluginManager:220 - loadIPPluginJar : add usbx
2024-08-07 00:08:27,325 [INFO] CADModel:165 - CPN selected for project level
2024-08-07 00:08:27,325 [INFO] CADModel:114 - Register for checkConnection events
2024-08-07 00:08:27,325 [FATAL] Updater:334 - Updater called before beeing initialized
2024-08-07 00:08:27,325 [ERROR] CADModel:125 - Updater not yet initialized, retry later 
2024-08-07 00:08:27,397 [INFO] CADModel:165 - CPN selected for project level
2024-08-07 00:08:27,397 [INFO] CADModel:114 - Register for checkConnection events
2024-08-07 00:08:27,397 [FATAL] Updater:334 - Updater called before beeing initialized
2024-08-07 00:08:27,397 [ERROR] CADModel:125 - Updater not yet initialized, retry later 
2024-08-07 00:08:27,399 [FATAL] Updater:334 - Updater called before beeing initialized
2024-08-07 00:08:27,468 [FATAL] Updater:334 - Updater called before beeing initialized
2024-08-07 00:08:27,471 [INFO] DbMcusAds:53 - JSON generation date=Thu May 16 18:22:00 KST 2024 (1715851320667)
2024-08-07 00:08:27,471 [FATAL] Updater:334 - Updater called before beeing initialized
2024-08-07 00:08:27,497 [WARN] DetailPanel:346 - Failed to get advertising image, set to default
2024-08-07 00:08:27,572 [FATAL] Updater:334 - Updater called before beeing initialized
2024-08-07 00:08:27,574 [FATAL] Updater:334 - Updater called before beeing initialized
2024-08-07 00:08:27,574 [FATAL] Updater:334 - Updater called before beeing initialized
2024-08-07 00:08:27,574 [WARN] DetailPanel:346 - Failed to get advertising image, set to default
2024-08-07 00:08:27,574 [FATAL] Updater:334 - Updater called before beeing initialized
2024-08-07 00:08:27,605 [ERROR] Updater:1164 - MainUpdater not yet initialized. External WinMGr cannot be set.
2024-08-07 00:08:27,607 [INFO] Updater:1100 - Updater Version found : 6.12.0
2024-08-07 00:08:27,619 [INFO] ApplicationProperties:184 - Using Application install path: C:\ST\STM32CubeIDE_1.7.0\STM32CubeIDE\plugins\com.st.stm32cube.common.mx_6.12.0.202406281431
2024-08-07 00:08:27,929 [INFO] MainUpdater:2873 - connection check result : 10
2024-08-07 00:08:27,930 [INFO] MainUpdater:290 - Updater Check For Update Now.
2024-08-07 00:08:27,930 [INFO] MicroXplorer:498 - Change Database Version : DB.6.0.120
2024-08-07 00:08:27,934 [INFO] McuFinderGlobals:63 - Set McuFinder mode to 2 (CubeIDE integrated)
2024-08-07 00:08:27,934 [INFO] UserAuth:417 - Internet connection configuration mode: 1
2024-08-07 00:08:27,946 [INFO] JxBrowserEngine:152 - Initiate JxBrowser Engine with user profile folder
2024-08-07 00:08:28,092 [INFO] CheckServerUpdateThread:120 - End of CheckServer Thread
2024-08-07 00:08:28,503 [INFO] WebApp:167 - Instantiating new browser for Auth
2024-08-07 00:08:28,618 [ERROR] LogOutputStream:75 - [STDERR_REDIRECT] 
