22:43:27 **** Incremental Build of configuration Debug for project CLI ****
make -j12 all 
arm-none-eabi-gcc "../App/src/cli.c" -mcpu=cortex-m4 -std=gnu11 -g3 -DDEBUG -DUSE_HAL_DRIVER -DSTM32F429xx -DUSE_FULL_LL_DRIVER -c -I../Core/Inc -I../Drivers/STM32F4xx_HAL_Driver/Inc -I../Drivers/STM32F4xx_HAL_Driver/Inc/Legacy -I../Drivers/CMSIS/Device/ST/STM32F4xx/Include -I../Drivers/CMSIS/Include -I"C:/Users/ki170/Desktop/stm32workspace/CLI/App" -I"C:/Users/ki170/Desktop/stm32workspace/CLI/App/include" -Og -ffunction-sections -fdata-sections -Wall -fstack-usage -fcyclomatic-complexity -MMD -MP -MF"App/src/cli.d" -MT"App/src/cli.o" --specs=nano.specs -mfpu=fpv4-sp-d16 -mfloat-abi=hard -mthumb -o "App/src/cli.o"
../App/src/cli.c:29:16: warning: 'cli_cmd_count' defined but not used [-Wunused-variable]
   29 | static uint8_t cli_cmd_count = 0;
      |                ^~~~~~~~~~~~~
arm-none-eabi-gcc -o "CLI.elf" @"objects.list"   -mcpu=cortex-m4 -T"C:\Users\ki170\Desktop\stm32workspace\CLI\STM32F429ZITX_FLASH.ld" --specs=nosys.specs -Wl,-Map="CLI.map" -Wl,--gc-sections -static --specs=nano.specs -mfpu=fpv4-sp-d16 -mfloat-abi=hard -mthumb -Wl,--start-group -lc -lm -Wl,--end-group
Finished building target: CLI.elf
 
arm-none-eabi-size  CLI.elf 
arm-none-eabi-objdump -h -S CLI.elf  > "CLI.list"
   text	   data	    bss	    dec	    hex	filename
  16476	     92	   3316	  19884	   4dac	CLI.elf
Finished building: default.size.stdout
 
Finished building: CLI.list
 
22:52:38 **** Incremental Build of configuration Debug for project CLI ****
make -j12 all 
arm-none-eabi-gcc "../App/src/cli.c" -mcpu=cortex-m4 -std=gnu11 -g3 -DDEBUG -DUSE_HAL_DRIVER -DSTM32F429xx -DUSE_FULL_LL_DRIVER -c -I../Core/Inc -I../Drivers/STM32F4xx_HAL_Driver/Inc -I../Drivers/STM32F4xx_HAL_Driver/Inc/Legacy -I../Drivers/CMSIS/Device/ST/STM32F4xx/Include -I../Drivers/CMSIS/Include -I"C:/Users/ki170/Desktop/stm32workspace/CLI/App" -I"C:/Users/ki170/Desktop/stm32workspace/CLI/App/include" -Og -ffunction-sections -fdata-sections -Wall -fstack-usage -fcyclomatic-complexity -MMD -MP -MF"App/src/cli.d" -MT"App/src/cli.o" --specs=nano.specs -mfpu=fpv4-sp-d16 -mfloat-abi=hard -mthumb -o "App/src/cli.o"
../App/src/cli.c: In function 'cliMain':
../App/src/cli.c:76:39: error: 'cli_cmd_t' has no member named 'cmd_fun'; did you mean 'cmd_func'?
   76 |                       cli_cmd_func[i].cmd_fun(cli_argc - 1 , cli_argv[1])
      |                                       ^~~~~~~
      |                                       cmd_func
../App/src/cli.c:76:74: error: expected ';' before 'ret'
   76 |                       cli_cmd_func[i].cmd_fun(cli_argc - 1 , cli_argv[1])
      |                                                                          ^
      |                                                                          ;
   77 |                       ret =true ;
      |                       ~~~                                                 
make: *** [App/src/subdir.mk:28: App/src/cli.o] Error 1
"make -j12 all" terminated with exit code 2. Build might be incomplete.
22:52:42 **** Incremental Build of configuration Debug for project CLI ****
make -j12 all 
arm-none-eabi-gcc "../App/src/cli.c" -mcpu=cortex-m4 -std=gnu11 -g3 -DDEBUG -DUSE_HAL_DRIVER -DSTM32F429xx -DUSE_FULL_LL_DRIVER -c -I../Core/Inc -I../Drivers/STM32F4xx_HAL_Driver/Inc -I../Drivers/STM32F4xx_HAL_Driver/Inc/Legacy -I../Drivers/CMSIS/Device/ST/STM32F4xx/Include -I../Drivers/CMSIS/Include -I"C:/Users/ki170/Desktop/stm32workspace/CLI/App" -I"C:/Users/ki170/Desktop/stm32workspace/CLI/App/include" -Og -ffunction-sections -fdata-sections -Wall -fstack-usage -fcyclomatic-complexity -MMD -MP -MF"App/src/cli.d" -MT"App/src/cli.o" --specs=nano.specs -mfpu=fpv4-sp-d16 -mfloat-abi=hard -mthumb -o "App/src/cli.o"
../App/src/cli.c: In function 'cliMain':
../App/src/cli.c:76:39: error: 'cli_cmd_t' has no member named 'cmd_fun'; did you mean 'cmd_func'?
   76 |                       cli_cmd_func[i].cmd_fun(cli_argc - 1 , cli_argv[1]);
      |                                       ^~~~~~~
      |                                       cmd_func
make: *** [App/src/subdir.mk:28: App/src/cli.o] Error 1
"make -j12 all" terminated with exit code 2. Build might be incomplete.
22:53:06 **** Incremental Build of configuration Debug for project CLI ****
make -j12 all 
arm-none-eabi-gcc "../App/src/cli.c" -mcpu=cortex-m4 -std=gnu11 -g3 -DDEBUG -DUSE_HAL_DRIVER -DSTM32F429xx -DUSE_FULL_LL_DRIVER -c -I../Core/Inc -I../Drivers/STM32F4xx_HAL_Driver/Inc -I../Drivers/STM32F4xx_HAL_Driver/Inc/Legacy -I../Drivers/CMSIS/Device/ST/STM32F4xx/Include -I../Drivers/CMSIS/Include -I"C:/Users/ki170/Desktop/stm32workspace/CLI/App" -I"C:/Users/ki170/Desktop/stm32workspace/CLI/App/include" -Og -ffunction-sections -fdata-sections -Wall -fstack-usage -fcyclomatic-complexity -MMD -MP -MF"App/src/cli.d" -MT"App/src/cli.o" --specs=nano.specs -mfpu=fpv4-sp-d16 -mfloat-abi=hard -mthumb -o "App/src/cli.o"
../App/src/cli.c: In function 'cliMain':
../App/src/cli.c:76:71: warning: passing argument 2 of 'cli_cmd_func[i].cmd_func' from incompatible pointer type [-Wincompatible-pointer-types]
   76 |                       cli_cmd_func[i].cmd_func(cli_argc - 1 , cli_argv[1]);
      |                                                               ~~~~~~~~^~~
      |                                                                       |
      |                                                                       char *
../App/src/cli.c:76:71: note: expected 'const char **' but argument is of type 'char *'
arm-none-eabi-gcc -o "CLI.elf" @"objects.list"   -mcpu=cortex-m4 -T"C:\Users\ki170\Desktop\stm32workspace\CLI\STM32F429ZITX_FLASH.ld" --specs=nosys.specs -Wl,-Map="CLI.map" -Wl,--gc-sections -static --specs=nano.specs -mfpu=fpv4-sp-d16 -mfloat-abi=hard -mthumb -Wl,--start-group -lc -lm -Wl,--end-group
Finished building target: CLI.elf
 
arm-none-eabi-size  CLI.elf 
arm-none-eabi-objdump -h -S CLI.elf  > "CLI.list"
   text	   data	    bss	    dec	    hex	filename
  15868	     92	   3316	  19276	   4b4c	CLI.elf
Finished building: default.size.stdout
 
Finished building: CLI.list
 
22:54:09 **** Incremental Build of configuration Debug for project CLI ****
make -j12 all 
arm-none-eabi-gcc "../App/src/cli.c" -mcpu=cortex-m4 -std=gnu11 -g3 -DDEBUG -DUSE_HAL_DRIVER -DSTM32F429xx -DUSE_FULL_LL_DRIVER -c -I../Core/Inc -I../Drivers/STM32F4xx_HAL_Driver/Inc -I../Drivers/STM32F4xx_HAL_Driver/Inc/Legacy -I../Drivers/CMSIS/Device/ST/STM32F4xx/Include -I../Drivers/CMSIS/Include -I"C:/Users/ki170/Desktop/stm32workspace/CLI/App" -I"C:/Users/ki170/Desktop/stm32workspace/CLI/App/include" -Og -ffunction-sections -fdata-sections -Wall -fstack-usage -fcyclomatic-complexity -MMD -MP -MF"App/src/cli.d" -MT"App/src/cli.o" --specs=nano.specs -mfpu=fpv4-sp-d16 -mfloat-abi=hard -mthumb -o "App/src/cli.o"
arm-none-eabi-gcc -o "CLI.elf" @"objects.list"   -mcpu=cortex-m4 -T"C:\Users\ki170\Desktop\stm32workspace\CLI\STM32F429ZITX_FLASH.ld" --specs=nosys.specs -Wl,-Map="CLI.map" -Wl,--gc-sections -static --specs=nano.specs -mfpu=fpv4-sp-d16 -mfloat-abi=hard -mthumb -Wl,--start-group -lc -lm -Wl,--end-group
Finished building target: CLI.elf
 
arm-none-eabi-size  CLI.elf 
arm-none-eabi-objdump -h -S CLI.elf  > "CLI.list"
   text	   data	    bss	    dec	    hex	filename
  15868	     92	   3316	  19276	   4b4c	CLI.elf
Finished building: default.size.stdout
 
Finished building: CLI.list
 
22:56:49 **** Incremental Build of configuration Debug for project CLI ****
make -j12 all 
arm-none-eabi-gcc "../App/src/cli.c" -mcpu=cortex-m4 -std=gnu11 -g3 -DDEBUG -DUSE_HAL_DRIVER -DSTM32F429xx -DUSE_FULL_LL_DRIVER -c -I../Core/Inc -I../Drivers/STM32F4xx_HAL_Driver/Inc -I../Drivers/STM32F4xx_HAL_Driver/Inc/Legacy -I../Drivers/CMSIS/Device/ST/STM32F4xx/Include -I../Drivers/CMSIS/Include -I"C:/Users/ki170/Desktop/stm32workspace/CLI/App" -I"C:/Users/ki170/Desktop/stm32workspace/CLI/App/include" -Og -ffunction-sections -fdata-sections -Wall -fstack-usage -fcyclomatic-complexity -MMD -MP -MF"App/src/cli.d" -MT"App/src/cli.o" --specs=nano.specs -mfpu=fpv4-sp-d16 -mfloat-abi=hard -mthumb -o "App/src/cli.o"
../App/src/cli.c: In function 'cliMain':
../App/src/cli.c:66:1: error: expected expression before '=' token
   66 | =
      | ^
../App/src/cli.c: At top level:
../App/src/cli.c:29:16: warning: 'cli_cmd_count' defined but not used [-Wunused-variable]
   29 | static uint8_t cli_cmd_count = 0;
      |                ^~~~~~~~~~~~~
make: *** [App/src/subdir.mk:28: App/src/cli.o] Error 1
"make -j12 all" terminated with exit code 2. Build might be incomplete.
22:56:54 **** Incremental Build of configuration Debug for project CLI ****
make -j12 all 
arm-none-eabi-gcc "../App/src/cli.c" -mcpu=cortex-m4 -std=gnu11 -g3 -DDEBUG -DUSE_HAL_DRIVER -DSTM32F429xx -DUSE_FULL_LL_DRIVER -c -I../Core/Inc -I../Drivers/STM32F4xx_HAL_Driver/Inc -I../Drivers/STM32F4xx_HAL_Driver/Inc/Legacy -I../Drivers/CMSIS/Device/ST/STM32F4xx/Include -I../Drivers/CMSIS/Include -I"C:/Users/ki170/Desktop/stm32workspace/CLI/App" -I"C:/Users/ki170/Desktop/stm32workspace/CLI/App/include" -Og -ffunction-sections -fdata-sections -Wall -fstack-usage -fcyclomatic-complexity -MMD -MP -MF"App/src/cli.d" -MT"App/src/cli.o" --specs=nano.specs -mfpu=fpv4-sp-d16 -mfloat-abi=hard -mthumb -o "App/src/cli.o"
arm-none-eabi-gcc -o "CLI.elf" @"objects.list"   -mcpu=cortex-m4 -T"C:\Users\ki170\Desktop\stm32workspace\CLI\STM32F429ZITX_FLASH.ld" --specs=nosys.specs -Wl,-Map="CLI.map" -Wl,--gc-sections -static --specs=nano.specs -mfpu=fpv4-sp-d16 -mfloat-abi=hard -mthumb -Wl,--start-group -lc -lm -Wl,--end-group
Finished building target: CLI.elf
 
arm-none-eabi-size  CLI.elf 
arm-none-eabi-objdump -h -S CLI.elf  > "CLI.list"
   text	   data	    bss	    dec	    hex	filename
  15868	     92	   3316	  19276	   4b4c	CLI.elf
Finished building: default.size.stdout
 
Finished building: CLI.list
 
23:05:15 **** Incremental Build of configuration Debug for project CLI ****
make -j12 all 
arm-none-eabi-gcc "../Core/Src/main.c" -mcpu=cortex-m4 -std=gnu11 -g3 -DDEBUG -DUSE_HAL_DRIVER -DSTM32F429xx -DUSE_FULL_LL_DRIVER -c -I../Core/Inc -I../Drivers/STM32F4xx_HAL_Driver/Inc -I../Drivers/STM32F4xx_HAL_Driver/Inc/Legacy -I../Drivers/CMSIS/Device/ST/STM32F4xx/Include -I../Drivers/CMSIS/Include -I"C:/Users/ki170/Desktop/stm32workspace/CLI/App" -I"C:/Users/ki170/Desktop/stm32workspace/CLI/App/include" -Og -ffunction-sections -fdata-sections -Wall -fstack-usage -fcyclomatic-complexity -MMD -MP -MF"Core/Src/main.d" -MT"Core/Src/main.o" --specs=nano.specs -mfpu=fpv4-sp-d16 -mfloat-abi=hard -mthumb -o "Core/Src/main.o"
arm-none-eabi-gcc "../App/src/adc.c" -mcpu=cortex-m4 -std=gnu11 -g3 -DDEBUG -DUSE_HAL_DRIVER -DSTM32F429xx -DUSE_FULL_LL_DRIVER -c -I../Core/Inc -I../Drivers/STM32F4xx_HAL_Driver/Inc -I../Drivers/STM32F4xx_HAL_Driver/Inc/Legacy -I../Drivers/CMSIS/Device/ST/STM32F4xx/Include -I../Drivers/CMSIS/Include -I"C:/Users/ki170/Desktop/stm32workspace/CLI/App" -I"C:/Users/ki170/Desktop/stm32workspace/CLI/App/include" -Og -ffunction-sections -fdata-sections -Wall -fstack-usage -fcyclomatic-complexity -MMD -MP -MF"App/src/adc.d" -MT"App/src/adc.o" --specs=nano.specs -mfpu=fpv4-sp-d16 -mfloat-abi=hard -mthumb -o "App/src/adc.o"
arm-none-eabi-gcc "../App/src/cli.c" -mcpu=cortex-m4 -std=gnu11 -g3 -DDEBUG -DUSE_HAL_DRIVER -DSTM32F429xx -DUSE_FULL_LL_DRIVER -c -I../Core/Inc -I../Drivers/STM32F4xx_HAL_Driver/Inc -I../Drivers/STM32F4xx_HAL_Driver/Inc/Legacy -I../Drivers/CMSIS/Device/ST/STM32F4xx/Include -I../Drivers/CMSIS/Include -I"C:/Users/ki170/Desktop/stm32workspace/CLI/App" -I"C:/Users/ki170/Desktop/stm32workspace/CLI/App/include" -Og -ffunction-sections -fdata-sections -Wall -fstack-usage -fcyclomatic-complexity -MMD -MP -MF"App/src/cli.d" -MT"App/src/cli.o" --specs=nano.specs -mfpu=fpv4-sp-d16 -mfloat-abi=hard -mthumb -o "App/src/cli.o"
arm-none-eabi-gcc "../App/src/uart.c" -mcpu=cortex-m4 -std=gnu11 -g3 -DDEBUG -DUSE_HAL_DRIVER -DSTM32F429xx -DUSE_FULL_LL_DRIVER -c -I../Core/Inc -I../Drivers/STM32F4xx_HAL_Driver/Inc -I../Drivers/STM32F4xx_HAL_Driver/Inc/Legacy -I../Drivers/CMSIS/Device/ST/STM32F4xx/Include -I../Drivers/CMSIS/Include -I"C:/Users/ki170/Desktop/stm32workspace/CLI/App" -I"C:/Users/ki170/Desktop/stm32workspace/CLI/App/include" -Og -ffunction-sections -fdata-sections -Wall -fstack-usage -fcyclomatic-complexity -MMD -MP -MF"App/src/uart.d" -MT"App/src/uart.o" --specs=nano.specs -mfpu=fpv4-sp-d16 -mfloat-abi=hard -mthumb -o "App/src/uart.o"
arm-none-eabi-gcc "../App/src/utils.c" -mcpu=cortex-m4 -std=gnu11 -g3 -DDEBUG -DUSE_HAL_DRIVER -DSTM32F429xx -DUSE_FULL_LL_DRIVER -c -I../Core/Inc -I../Drivers/STM32F4xx_HAL_Driver/Inc -I../Drivers/STM32F4xx_HAL_Driver/Inc/Legacy -I../Drivers/CMSIS/Device/ST/STM32F4xx/Include -I../Drivers/CMSIS/Include -I"C:/Users/ki170/Desktop/stm32workspace/CLI/App" -I"C:/Users/ki170/Desktop/stm32workspace/CLI/App/include" -Og -ffunction-sections -fdata-sections -Wall -fstack-usage -fcyclomatic-complexity -MMD -MP -MF"App/src/utils.d" -MT"App/src/utils.o" --specs=nano.specs -mfpu=fpv4-sp-d16 -mfloat-abi=hard -mthumb -o "App/src/utils.o"
arm-none-eabi-gcc "../App/ap.c" -mcpu=cortex-m4 -std=gnu11 -g3 -DDEBUG -DUSE_HAL_DRIVER -DSTM32F429xx -DUSE_FULL_LL_DRIVER -c -I../Core/Inc -I../Drivers/STM32F4xx_HAL_Driver/Inc -I../Drivers/STM32F4xx_HAL_Driver/Inc/Legacy -I../Drivers/CMSIS/Device/ST/STM32F4xx/Include -I../Drivers/CMSIS/Include -I"C:/Users/ki170/Desktop/stm32workspace/CLI/App" -I"C:/Users/ki170/Desktop/stm32workspace/CLI/App/include" -Og -ffunction-sections -fdata-sections -Wall -fstack-usage -fcyclomatic-complexity -MMD -MP -MF"App/ap.d" -MT"App/ap.o" --specs=nano.specs -mfpu=fpv4-sp-d16 -mfloat-abi=hard -mthumb -o "App/ap.o"
../App/src/cli.c: In function 'cliAdd':
../App/src/cli.c:46:3: warning: implicit declaration of function 'strncopy'; did you mean 'strncpy'? [-Wimplicit-function-declaration]
   46 |   strncopy(cli_cmd_func[cli_cmd_count].cmd_str, cmd_str, 8);
      |   ^~~~~~~~
      |   strncpy
arm-none-eabi-gcc -o "CLI.elf" @"objects.list"   -mcpu=cortex-m4 -T"C:\Users\ki170\Desktop\stm32workspace\CLI\STM32F429ZITX_FLASH.ld" --specs=nosys.specs -Wl,-Map="CLI.map" -Wl,--gc-sections -static --specs=nano.specs -mfpu=fpv4-sp-d16 -mfloat-abi=hard -mthumb -Wl,--start-group -lc -lm -Wl,--end-group
C:/ST/STM32CubeIDE_1.7.0/STM32CubeIDE/plugins/com.st.stm32cube.ide.mcu.externaltools.gnu-tools-for-stm32.12.3.rel1.win32_1.0.200.202406191623/tools/bin/../lib/gcc/arm-none-eabi/12.3.1/../../../../arm-none-eabi/bin/ld.exe: ./App/src/cli.o: in function `cliAdd':
C:/Users/ki170/Desktop/stm32workspace/CLI/Debug/../App/src/cli.c:46: undefined reference to `strncopy'
collect2.exe: error: ld returned 1 exit status
make: *** [makefile:66: CLI.elf] Error 1
"make -j12 all" terminated with exit code 2. Build might be incomplete.
23:05:53 **** Incremental Build of configuration Debug for project CLI ****
make -j12 all 
arm-none-eabi-gcc "../App/src/cli.c" -mcpu=cortex-m4 -std=gnu11 -g3 -DDEBUG -DUSE_HAL_DRIVER -DSTM32F429xx -DUSE_FULL_LL_DRIVER -c -I../Core/Inc -I../Drivers/STM32F4xx_HAL_Driver/Inc -I../Drivers/STM32F4xx_HAL_Driver/Inc/Legacy -I../Drivers/CMSIS/Device/ST/STM32F4xx/Include -I../Drivers/CMSIS/Include -I"C:/Users/ki170/Desktop/stm32workspace/CLI/App" -I"C:/Users/ki170/Desktop/stm32workspace/CLI/App/include" -Og -ffunction-sections -fdata-sections -Wall -fstack-usage -fcyclomatic-complexity -MMD -MP -MF"App/src/cli.d" -MT"App/src/cli.o" --specs=nano.specs -mfpu=fpv4-sp-d16 -mfloat-abi=hard -mthumb -o "App/src/cli.o"
arm-none-eabi-gcc -o "CLI.elf" @"objects.list"   -mcpu=cortex-m4 -T"C:\Users\ki170\Desktop\stm32workspace\CLI\STM32F429ZITX_FLASH.ld" --specs=nosys.specs -Wl,-Map="CLI.map" -Wl,--gc-sections -static --specs=nano.specs -mfpu=fpv4-sp-d16 -mfloat-abi=hard -mthumb -Wl,--start-group -lc -lm -Wl,--end-group
Finished building target: CLI.elf
 
arm-none-eabi-size  CLI.elf 
arm-none-eabi-objdump -h -S CLI.elf  > "CLI.list"
   text	   data	    bss	    dec	    hex	filename
  16152	     92	   3316	  19560	   4c68	CLI.elf
Finished building: default.size.stdout
 
Finished building: CLI.list
 
23:05:58 **** Incremental Build of configuration Debug for project CLI ****
make -j12 all 
arm-none-eabi-size  CLI.elf 
   text	   data	    bss	    dec	    hex	filename
  16152	     92	   3316	  19560	   4c68	CLI.elf
Finished building: default.size.stdout
 
23:21:01 **** Incremental Build of configuration Debug for project CLI ****
make -j12 all 
arm-none-eabi-gcc "../Core/Src/main.c" -mcpu=cortex-m4 -std=gnu11 -g3 -DDEBUG -DUSE_HAL_DRIVER -DSTM32F429xx -DUSE_FULL_LL_DRIVER -c -I../Core/Inc -I../Drivers/STM32F4xx_HAL_Driver/Inc -I../Drivers/STM32F4xx_HAL_Driver/Inc/Legacy -I../Drivers/CMSIS/Device/ST/STM32F4xx/Include -I../Drivers/CMSIS/Include -I"C:/Users/ki170/Desktop/stm32workspace/CLI/App" -I"C:/Users/ki170/Desktop/stm32workspace/CLI/App/include" -Og -ffunction-sections -fdata-sections -Wall -fstack-usage -fcyclomatic-complexity -MMD -MP -MF"Core/Src/main.d" -MT"Core/Src/main.o" --specs=nano.specs -mfpu=fpv4-sp-d16 -mfloat-abi=hard -mthumb -o "Core/Src/main.o"
arm-none-eabi-gcc "../App/src/cli.c" -mcpu=cortex-m4 -std=gnu11 -g3 -DDEBUG -DUSE_HAL_DRIVER -DSTM32F429xx -DUSE_FULL_LL_DRIVER -c -I../Core/Inc -I../Drivers/STM32F4xx_HAL_Driver/Inc -I../Drivers/STM32F4xx_HAL_Driver/Inc/Legacy -I../Drivers/CMSIS/Device/ST/STM32F4xx/Include -I../Drivers/CMSIS/Include -I"C:/Users/ki170/Desktop/stm32workspace/CLI/App" -I"C:/Users/ki170/Desktop/stm32workspace/CLI/App/include" -Og -ffunction-sections -fdata-sections -Wall -fstack-usage -fcyclomatic-complexity -MMD -MP -MF"App/src/cli.d" -MT"App/src/cli.o" --specs=nano.specs -mfpu=fpv4-sp-d16 -mfloat-abi=hard -mthumb -o "App/src/cli.o"
arm-none-eabi-gcc "../App/src/uart.c" -mcpu=cortex-m4 -std=gnu11 -g3 -DDEBUG -DUSE_HAL_DRIVER -DSTM32F429xx -DUSE_FULL_LL_DRIVER -c -I../Core/Inc -I../Drivers/STM32F4xx_HAL_Driver/Inc -I../Drivers/STM32F4xx_HAL_Driver/Inc/Legacy -I../Drivers/CMSIS/Device/ST/STM32F4xx/Include -I../Drivers/CMSIS/Include -I"C:/Users/ki170/Desktop/stm32workspace/CLI/App" -I"C:/Users/ki170/Desktop/stm32workspace/CLI/App/include" -Og -ffunction-sections -fdata-sections -Wall -fstack-usage -fcyclomatic-complexity -MMD -MP -MF"App/src/uart.d" -MT"App/src/uart.o" --specs=nano.specs -mfpu=fpv4-sp-d16 -mfloat-abi=hard -mthumb -o "App/src/uart.o"
arm-none-eabi-gcc "../App/ap.c" -mcpu=cortex-m4 -std=gnu11 -g3 -DDEBUG -DUSE_HAL_DRIVER -DSTM32F429xx -DUSE_FULL_LL_DRIVER -c -I../Core/Inc -I../Drivers/STM32F4xx_HAL_Driver/Inc -I../Drivers/STM32F4xx_HAL_Driver/Inc/Legacy -I../Drivers/CMSIS/Device/ST/STM32F4xx/Include -I../Drivers/CMSIS/Include -I"C:/Users/ki170/Desktop/stm32workspace/CLI/App" -I"C:/Users/ki170/Desktop/stm32workspace/CLI/App/include" -Og -ffunction-sections -fdata-sections -Wall -fstack-usage -fcyclomatic-complexity -MMD -MP -MF"App/ap.d" -MT"App/ap.o" --specs=nano.specs -mfpu=fpv4-sp-d16 -mfloat-abi=hard -mthumb -o "App/ap.o"
../App/ap.c: In function 'infoCli':
../App/ap.c:43:3: warning: implicit declaration of function 'cliPrintf'; did you mean 'vsiprintf'? [-Wimplicit-function-declaration]
   43 |   cliPrintf(_DEF_CH1, "infoCli run %d\n", argc );
      |   ^~~~~~~~~
      |   vsiprintf
arm-none-eabi-gcc -o "CLI.elf" @"objects.list"   -mcpu=cortex-m4 -T"C:\Users\ki170\Desktop\stm32workspace\CLI\STM32F429ZITX_FLASH.ld" --specs=nosys.specs -Wl,-Map="CLI.map" -Wl,--gc-sections -static --specs=nano.specs -mfpu=fpv4-sp-d16 -mfloat-abi=hard -mthumb -Wl,--start-group -lc -lm -Wl,--end-group
Finished building target: CLI.elf
 
arm-none-eabi-size  CLI.elf 
arm-none-eabi-objdump -h -S CLI.elf  > "CLI.list"
   text	   data	    bss	    dec	    hex	filename
  16224	     92	   3316	  19632	   4cb0	CLI.elf
Finished building: default.size.stdout
 
Finished building: CLI.list
 
23:21:44 **** Incremental Build of configuration Debug for project CLI ****
make -j12 all 
arm-none-eabi-gcc "../Core/Src/main.c" -mcpu=cortex-m4 -std=gnu11 -g3 -DDEBUG -DUSE_HAL_DRIVER -DSTM32F429xx -DUSE_FULL_LL_DRIVER -c -I../Core/Inc -I../Drivers/STM32F4xx_HAL_Driver/Inc -I../Drivers/STM32F4xx_HAL_Driver/Inc/Legacy -I../Drivers/CMSIS/Device/ST/STM32F4xx/Include -I../Drivers/CMSIS/Include -I"C:/Users/ki170/Desktop/stm32workspace/CLI/App" -I"C:/Users/ki170/Desktop/stm32workspace/CLI/App/include" -Og -ffunction-sections -fdata-sections -Wall -fstack-usage -fcyclomatic-complexity -MMD -MP -MF"Core/Src/main.d" -MT"Core/Src/main.o" --specs=nano.specs -mfpu=fpv4-sp-d16 -mfloat-abi=hard -mthumb -o "Core/Src/main.o"
arm-none-eabi-gcc "../App/src/adc.c" -mcpu=cortex-m4 -std=gnu11 -g3 -DDEBUG -DUSE_HAL_DRIVER -DSTM32F429xx -DUSE_FULL_LL_DRIVER -c -I../Core/Inc -I../Drivers/STM32F4xx_HAL_Driver/Inc -I../Drivers/STM32F4xx_HAL_Driver/Inc/Legacy -I../Drivers/CMSIS/Device/ST/STM32F4xx/Include -I../Drivers/CMSIS/Include -I"C:/Users/ki170/Desktop/stm32workspace/CLI/App" -I"C:/Users/ki170/Desktop/stm32workspace/CLI/App/include" -Og -ffunction-sections -fdata-sections -Wall -fstack-usage -fcyclomatic-complexity -MMD -MP -MF"App/src/adc.d" -MT"App/src/adc.o" --specs=nano.specs -mfpu=fpv4-sp-d16 -mfloat-abi=hard -mthumb -o "App/src/adc.o"
arm-none-eabi-gcc "../App/src/cli.c" -mcpu=cortex-m4 -std=gnu11 -g3 -DDEBUG -DUSE_HAL_DRIVER -DSTM32F429xx -DUSE_FULL_LL_DRIVER -c -I../Core/Inc -I../Drivers/STM32F4xx_HAL_Driver/Inc -I../Drivers/STM32F4xx_HAL_Driver/Inc/Legacy -I../Drivers/CMSIS/Device/ST/STM32F4xx/Include -I../Drivers/CMSIS/Include -I"C:/Users/ki170/Desktop/stm32workspace/CLI/App" -I"C:/Users/ki170/Desktop/stm32workspace/CLI/App/include" -Og -ffunction-sections -fdata-sections -Wall -fstack-usage -fcyclomatic-complexity -MMD -MP -MF"App/src/cli.d" -MT"App/src/cli.o" --specs=nano.specs -mfpu=fpv4-sp-d16 -mfloat-abi=hard -mthumb -o "App/src/cli.o"
arm-none-eabi-gcc "../App/src/uart.c" -mcpu=cortex-m4 -std=gnu11 -g3 -DDEBUG -DUSE_HAL_DRIVER -DSTM32F429xx -DUSE_FULL_LL_DRIVER -c -I../Core/Inc -I../Drivers/STM32F4xx_HAL_Driver/Inc -I../Drivers/STM32F4xx_HAL_Driver/Inc/Legacy -I../Drivers/CMSIS/Device/ST/STM32F4xx/Include -I../Drivers/CMSIS/Include -I"C:/Users/ki170/Desktop/stm32workspace/CLI/App" -I"C:/Users/ki170/Desktop/stm32workspace/CLI/App/include" -Og -ffunction-sections -fdata-sections -Wall -fstack-usage -fcyclomatic-complexity -MMD -MP -MF"App/src/uart.d" -MT"App/src/uart.o" --specs=nano.specs -mfpu=fpv4-sp-d16 -mfloat-abi=hard -mthumb -o "App/src/uart.o"
arm-none-eabi-gcc "../App/src/utils.c" -mcpu=cortex-m4 -std=gnu11 -g3 -DDEBUG -DUSE_HAL_DRIVER -DSTM32F429xx -DUSE_FULL_LL_DRIVER -c -I../Core/Inc -I../Drivers/STM32F4xx_HAL_Driver/Inc -I../Drivers/STM32F4xx_HAL_Driver/Inc/Legacy -I../Drivers/CMSIS/Device/ST/STM32F4xx/Include -I../Drivers/CMSIS/Include -I"C:/Users/ki170/Desktop/stm32workspace/CLI/App" -I"C:/Users/ki170/Desktop/stm32workspace/CLI/App/include" -Og -ffunction-sections -fdata-sections -Wall -fstack-usage -fcyclomatic-complexity -MMD -MP -MF"App/src/utils.d" -MT"App/src/utils.o" --specs=nano.specs -mfpu=fpv4-sp-d16 -mfloat-abi=hard -mthumb -o "App/src/utils.o"
arm-none-eabi-gcc "../App/ap.c" -mcpu=cortex-m4 -std=gnu11 -g3 -DDEBUG -DUSE_HAL_DRIVER -DSTM32F429xx -DUSE_FULL_LL_DRIVER -c -I../Core/Inc -I../Drivers/STM32F4xx_HAL_Driver/Inc -I../Drivers/STM32F4xx_HAL_Driver/Inc/Legacy -I../Drivers/CMSIS/Device/ST/STM32F4xx/Include -I../Drivers/CMSIS/Include -I"C:/Users/ki170/Desktop/stm32workspace/CLI/App" -I"C:/Users/ki170/Desktop/stm32workspace/CLI/App/include" -Og -ffunction-sections -fdata-sections -Wall -fstack-usage -fcyclomatic-complexity -MMD -MP -MF"App/ap.d" -MT"App/ap.o" --specs=nano.specs -mfpu=fpv4-sp-d16 -mfloat-abi=hard -mthumb -o "App/ap.o"
arm-none-eabi-gcc -o "CLI.elf" @"objects.list"   -mcpu=cortex-m4 -T"C:\Users\ki170\Desktop\stm32workspace\CLI\STM32F429ZITX_FLASH.ld" --specs=nosys.specs -Wl,-Map="CLI.map" -Wl,--gc-sections -static --specs=nano.specs -mfpu=fpv4-sp-d16 -mfloat-abi=hard -mthumb -Wl,--start-group -lc -lm -Wl,--end-group
Finished building target: CLI.elf
 
arm-none-eabi-size  CLI.elf 
arm-none-eabi-objdump -h -S CLI.elf  > "CLI.list"
   text	   data	    bss	    dec	    hex	filename
  16224	     92	   3316	  19632	   4cb0	CLI.elf
Finished building: default.size.stdout
 
Finished building: CLI.list
 
23:21:48 **** Incremental Build of configuration Debug for project CLI ****
make -j12 all 
arm-none-eabi-size  CLI.elf 
   text	   data	    bss	    dec	    hex	filename
  16224	     92	   3316	  19632	   4cb0	CLI.elf
Finished building: default.size.stdout
 
23:22:54 **** Incremental Build of configuration Debug for project CLI ****
make -j12 all 
arm-none-eabi-size  CLI.elf 
   text	   data	    bss	    dec	    hex	filename
  16224	     92	   3316	  19632	   4cb0	CLI.elf
Finished building: default.size.stdout
 
23:23:04 **** Incremental Build of configuration Debug for project CLI ****
make -j12 all 
arm-none-eabi-size  CLI.elf 
   text	   data	    bss	    dec	    hex	filename
  16224	     92	   3316	  19632	   4cb0	CLI.elf
Finished building: default.size.stdout
 
23:24:25 **** Incremental Build of configuration Debug for project CLI ****
make -j12 all 
arm-none-eabi-gcc "../App/ap.c" -mcpu=cortex-m4 -std=gnu11 -g3 -DDEBUG -DUSE_HAL_DRIVER -DSTM32F429xx -DUSE_FULL_LL_DRIVER -c -I../Core/Inc -I../Drivers/STM32F4xx_HAL_Driver/Inc -I../Drivers/STM32F4xx_HAL_Driver/Inc/Legacy -I../Drivers/CMSIS/Device/ST/STM32F4xx/Include -I../Drivers/CMSIS/Include -I"C:/Users/ki170/Desktop/stm32workspace/CLI/App" -I"C:/Users/ki170/Desktop/stm32workspace/CLI/App/include" -Og -ffunction-sections -fdata-sections -Wall -fstack-usage -fcyclomatic-complexity -MMD -MP -MF"App/ap.d" -MT"App/ap.o" --specs=nano.specs -mfpu=fpv4-sp-d16 -mfloat-abi=hard -mthumb -o "App/ap.o"
arm-none-eabi-gcc -o "CLI.elf" @"objects.list"   -mcpu=cortex-m4 -T"C:\Users\ki170\Desktop\stm32workspace\CLI\STM32F429ZITX_FLASH.ld" --specs=nosys.specs -Wl,-Map="CLI.map" -Wl,--gc-sections -static --specs=nano.specs -mfpu=fpv4-sp-d16 -mfloat-abi=hard -mthumb -Wl,--start-group -lc -lm -Wl,--end-group
Finished building target: CLI.elf
 
arm-none-eabi-size  CLI.elf 
arm-none-eabi-objdump -h -S CLI.elf  > "CLI.list"
   text	   data	    bss	    dec	    hex	filename
  16220	     92	   3316	  19628	   4cac	CLI.elf
Finished building: default.size.stdout
 
Finished building: CLI.list
 
23:48:57 **** Incremental Build of configuration Debug for project CLI ****
make -j12 all 
arm-none-eabi-gcc "../App/src/cli.c" -mcpu=cortex-m4 -std=gnu11 -g3 -DDEBUG -DUSE_HAL_DRIVER -DSTM32F429xx -DUSE_FULL_LL_DRIVER -c -I../Core/Inc -I../Drivers/STM32F4xx_HAL_Driver/Inc -I../Drivers/STM32F4xx_HAL_Driver/Inc/Legacy -I../Drivers/CMSIS/Device/ST/STM32F4xx/Include -I../Drivers/CMSIS/Include -I"C:/Users/ki170/Desktop/stm32workspace/CLI/App" -I"C:/Users/ki170/Desktop/stm32workspace/CLI/App/include" -Og -ffunction-sections -fdata-sections -Wall -fstack-usage -fcyclomatic-complexity -MMD -MP -MF"App/src/cli.d" -MT"App/src/cli.o" --specs=nano.specs -mfpu=fpv4-sp-d16 -mfloat-abi=hard -mthumb -o "App/src/cli.o"
arm-none-eabi-gcc -o "CLI.elf" @"objects.list"   -mcpu=cortex-m4 -T"C:\Users\ki170\Desktop\stm32workspace\CLI\STM32F429ZITX_FLASH.ld" --specs=nosys.specs -Wl,-Map="CLI.map" -Wl,--gc-sections -static --specs=nano.specs -mfpu=fpv4-sp-d16 -mfloat-abi=hard -mthumb -Wl,--start-group -lc -lm -Wl,--end-group
Finished building target: CLI.elf
 
arm-none-eabi-size  CLI.elf 
arm-none-eabi-objdump -h -S CLI.elf  > "CLI.list"
   text	   data	    bss	    dec	    hex	filename
  16340	     92	   3316	  19748	   4d24	CLI.elf
Finished building: default.size.stdout
 
Finished building: CLI.list
 
23:49:04 **** Incremental Build of configuration Debug for project CLI ****
make -j12 all 
arm-none-eabi-size  CLI.elf 
   text	   data	    bss	    dec	    hex	filename
  16340	     92	   3316	  19748	   4d24	CLI.elf
Finished building: default.size.stdout
 
00:01:06 **** Incremental Build of configuration Debug for project CLI ****
make -j12 all 
arm-none-eabi-gcc "../App/ap.c" -mcpu=cortex-m4 -std=gnu11 -g3 -DDEBUG -DUSE_HAL_DRIVER -DSTM32F429xx -DUSE_FULL_LL_DRIVER -c -I../Core/Inc -I../Drivers/STM32F4xx_HAL_Driver/Inc -I../Drivers/STM32F4xx_HAL_Driver/Inc/Legacy -I../Drivers/CMSIS/Device/ST/STM32F4xx/Include -I../Drivers/CMSIS/Include -I"C:/Users/ki170/Desktop/stm32workspace/CLI/App" -I"C:/Users/ki170/Desktop/stm32workspace/CLI/App/include" -Og -ffunction-sections -fdata-sections -Wall -fstack-usage -fcyclomatic-complexity -MMD -MP -MF"App/ap.d" -MT"App/ap.o" --specs=nano.specs -mfpu=fpv4-sp-d16 -mfloat-abi=hard -mthumb -o "App/ap.o"
arm-none-eabi-gcc -o "CLI.elf" @"objects.list"   -mcpu=cortex-m4 -T"C:\Users\ki170\Desktop\stm32workspace\CLI\STM32F429ZITX_FLASH.ld" --specs=nosys.specs -Wl,-Map="CLI.map" -Wl,--gc-sections -static --specs=nano.specs -mfpu=fpv4-sp-d16 -mfloat-abi=hard -mthumb -Wl,--start-group -lc -lm -Wl,--end-group
Finished building target: CLI.elf
 
arm-none-eabi-size  CLI.elf 
arm-none-eabi-objdump -h -S CLI.elf  > "CLI.list"
   text	   data	    bss	    dec	    hex	filename
  16404	     92	   3316	  19812	   4d64	CLI.elf
Finished building: default.size.stdout
 
Finished building: CLI.list
 
00:01:10 **** Incremental Build of configuration Debug for project CLI ****
make -j12 all 
arm-none-eabi-size  CLI.elf 
   text	   data	    bss	    dec	    hex	filename
  16404	     92	   3316	  19812	   4d64	CLI.elf
Finished building: default.size.stdout
 
00:02:37 **** Incremental Build of configuration Debug for project CLI ****
make -j12 all 
arm-none-eabi-gcc "../App/ap.c" -mcpu=cortex-m4 -std=gnu11 -g3 -DDEBUG -DUSE_HAL_DRIVER -DSTM32F429xx -DUSE_FULL_LL_DRIVER -c -I../Core/Inc -I../Drivers/STM32F4xx_HAL_Driver/Inc -I../Drivers/STM32F4xx_HAL_Driver/Inc/Legacy -I../Drivers/CMSIS/Device/ST/STM32F4xx/Include -I../Drivers/CMSIS/Include -I"C:/Users/ki170/Desktop/stm32workspace/CLI/App" -I"C:/Users/ki170/Desktop/stm32workspace/CLI/App/include" -Og -ffunction-sections -fdata-sections -Wall -fstack-usage -fcyclomatic-complexity -MMD -MP -MF"App/ap.d" -MT"App/ap.o" --specs=nano.specs -mfpu=fpv4-sp-d16 -mfloat-abi=hard -mthumb -o "App/ap.o"
arm-none-eabi-gcc -o "CLI.elf" @"objects.list"   -mcpu=cortex-m4 -T"C:\Users\ki170\Desktop\stm32workspace\CLI\STM32F429ZITX_FLASH.ld" --specs=nosys.specs -Wl,-Map="CLI.map" -Wl,--gc-sections -static --specs=nano.specs -mfpu=fpv4-sp-d16 -mfloat-abi=hard -mthumb -Wl,--start-group -lc -lm -Wl,--end-group
Finished building target: CLI.elf
 
arm-none-eabi-size  CLI.elf 
arm-none-eabi-objdump -h -S CLI.elf  > "CLI.list"
   text	   data	    bss	    dec	    hex	filename
  16404	     92	   3316	  19812	   4d64	CLI.elf
Finished building: default.size.stdout
 
Finished building: CLI.list
 
00:03:08 **** Incremental Build of configuration Debug for project CLI ****
make -j12 all 
arm-none-eabi-gcc "../App/ap.c" -mcpu=cortex-m4 -std=gnu11 -g3 -DDEBUG -DUSE_HAL_DRIVER -DSTM32F429xx -DUSE_FULL_LL_DRIVER -c -I../Core/Inc -I../Drivers/STM32F4xx_HAL_Driver/Inc -I../Drivers/STM32F4xx_HAL_Driver/Inc/Legacy -I../Drivers/CMSIS/Device/ST/STM32F4xx/Include -I../Drivers/CMSIS/Include -I"C:/Users/ki170/Desktop/stm32workspace/CLI/App" -I"C:/Users/ki170/Desktop/stm32workspace/CLI/App/include" -Og -ffunction-sections -fdata-sections -Wall -fstack-usage -fcyclomatic-complexity -MMD -MP -MF"App/ap.d" -MT"App/ap.o" --specs=nano.specs -mfpu=fpv4-sp-d16 -mfloat-abi=hard -mthumb -o "App/ap.o"
arm-none-eabi-gcc -o "CLI.elf" @"objects.list"   -mcpu=cortex-m4 -T"C:\Users\ki170\Desktop\stm32workspace\CLI\STM32F429ZITX_FLASH.ld" --specs=nosys.specs -Wl,-Map="CLI.map" -Wl,--gc-sections -static --specs=nano.specs -mfpu=fpv4-sp-d16 -mfloat-abi=hard -mthumb -Wl,--start-group -lc -lm -Wl,--end-group
Finished building target: CLI.elf
 
arm-none-eabi-size  CLI.elf 
arm-none-eabi-objdump -h -S CLI.elf  > "CLI.list"
   text	   data	    bss	    dec	    hex	filename
  16400	     92	   3316	  19808	   4d60	CLI.elf
Finished building: default.size.stdout
 
Finished building: CLI.list
 
